DEBUG:root:joinable in 2020-07-17
DEBUG:root:joinable in 2020-07-18
DEBUG:root:joinable in 2020-07-20
DEBUG:root:joinable in 2020-07-21
DEBUG:root:joinable in 2020-07-22
DEBUG:root:joinable in 2020-07-23
DEBUG:root:joinable in 2020-07-25
DEBUG:root:joinable in 2020-07-26
DEBUG:root:joinable in 2020-07-27
DEBUG:root:joinable in 2020-07-31
DEBUG:root:joinable in 2020-08-01
DEBUG:root:joinable in 2020-08-02
DEBUG:root:joinable in 2020-08-04
DEBUG:root:joinable in 2020-08-05
DEBUG:root:joinable in 2020-08-06
DEBUG:root:joinable in 2020-08-09
DEBUG:root:joinable in 2020-08-10
DEBUG:root:joinable in 2020-08-12
DEBUG:root:joinable in 2020-08-13
DEBUG:root:joinable in 2020-08-14
DEBUG:root:joinable in 2020-08-15
DEBUG:root:joinable in 2020-08-16
DEBUG:root:joinable in 2020-08-17
DEBUG:root:joinable in 2020-08-18
DEBUG:root:joinable in 2020-08-19
DEBUG:root:joinable in 2020-08-20
DEBUG:root:joinable in 2020-08-21
DEBUG:root:joinable in 2020-08-22
DEBUG:root:joinable in 2020-08-23
DEBUG:root:joinable in 2020-08-24
DEBUG:root:joinable in 2020-08-25
DEBUG:root:joinable in 2020-08-26
DEBUG:root:joinable in 2020-08-27
DEBUG:root:joinable in 2020-08-28
DEBUG:root:joinable in 2020-08-29
DEBUG:root:joinable in 2020-08-30
DEBUG:root:joinable in 2020-08-31
DEBUG:root:joinable in 2020-09-01
DEBUG:root:joinable in 2020-09-02
DEBUG:root:joinable in 2020-09-03
DEBUG:root:joinable in 2020-09-04
DEBUG:root:joinable in 2020-09-05
DEBUG:root:joinable in 2020-09-06
DEBUG:root:joinable in 2020-09-07
DEBUG:root:joinable in 2020-09-08
DEBUG:root:joinable in 2020-09-09
DEBUG:root:joinable in 2020-09-10
DEBUG:root:joinable in 2020-09-11
DEBUG:root:joinable in 2020-09-12
DEBUG:root:joinable in 2020-09-13
DEBUG:root:joinable in 2020-09-14
DEBUG:root:joinable in 2020-09-15
DEBUG:root:joinable in 2020-09-16
DEBUG:root:joinable in 2020-09-17
DEBUG:root:joinable in 2020-09-18
DEBUG:root:joinable in 2020-09-19
DEBUG:root:joinable in 2020-09-20
DEBUG:root:joinable in 2020-09-21
DEBUG:root:joinable in 2020-09-22
DEBUG:root:joinable in 2020-09-23
DEBUG:root:joinable in 2020-09-24
DEBUG:root:joinable in 2020-09-25
DEBUG:root:joinable in 2020-09-26
DEBUG:root:joinable in 2020-09-27
DEBUG:root:joinable in 2020-09-28
DEBUG:root:joinable in 2020-09-29
DEBUG:root:joinable in 2020-09-30
DEBUG:root:joinable in 2020-10-01
DEBUG:root:joinable in 2020-10-02
DEBUG:root:joinable in 2020-10-03
DEBUG:root:joinable in 2020-10-04
DEBUG:root:joinable in 2020-10-05
DEBUG:root:joinable in 2020-10-07
DEBUG:root:joinable in 2020-10-08
DEBUG:root:joinable in 2020-10-09
DEBUG:root:joinable in 2020-10-10
DEBUG:root:joinable in 2020-10-11
DEBUG:root:joinable in 2020-10-12
DEBUG:root:joinable in 2020-10-13
DEBUG:root:joinable in 2020-10-14
DEBUG:root:joinable in 2020-10-15
DEBUG:root:joinable in 2020-10-17
DEBUG:root:joinable in 2020-10-18
DEBUG:root:joinable in 2020-10-19
DEBUG:root:joinable in 2020-10-20
DEBUG:root:joinable in 2020-10-21
DEBUG:root:joinable in 2020-10-22
DEBUG:root:joinable in 2020-10-23
DEBUG:root:joinable in 2020-10-24
DEBUG:root:joinable in 2020-10-25
DEBUG:root:joinable in 2020-10-26
DEBUG:root:joinable in 2020-10-28
DEBUG:root:joinable in 2020-10-29
DEBUG:root:joinable in 2020-10-30
DEBUG:root:joinable in 2020-10-31
DEBUG:root:joinable in 2020-11-01
DEBUG:root:joinable in 2020-11-02
DEBUG:root:joinable in 2020-11-04
DEBUG:root:joinable in 2020-11-05
DEBUG:root:joinable in 2020-11-07
DEBUG:root:joinable in 2020-11-08
DEBUG:root:joinable in 2020-11-09
DEBUG:root:joinable in 2020-11-11
DEBUG:root:joinable in 2020-11-12
DEBUG:root:joinable in 2020-11-13
DEBUG:root:joinable in 2020-11-14
DEBUG:root:joinable in 2020-11-15
DEBUG:root:joinable in 2020-11-16
DEBUG:root:joinable in 2020-11-17
DEBUG:root:joinable in 2020-11-18
DEBUG:root:joinable in 2020-11-19
DEBUG:root:joinable in 2020-11-20
DEBUG:root:joinable in 2020-11-21
DEBUG:root:joinable in 2020-11-22
DEBUG:root:joinable in 2020-11-23
DEBUG:root:joinable in 2020-11-26
DEBUG:root:joinable in 2020-11-27
DEBUG:root:joinable in 2020-11-28
DEBUG:root:joinable in 2020-11-30
DEBUG:root:joinable in 2020-12-01
DEBUG:root:joinable in 2020-12-03
DEBUG:root:joinable in 2020-12-07
DEBUG:root:joinable in 2020-12-08
DEBUG:root:joinable in 2020-12-09
DEBUG:root:joinable in 2020-12-10
DEBUG:root:joinable in 2020-12-11
DEBUG:root:joinable in 2020-12-12
DEBUG:root:joinable in 2020-12-13
DEBUG:root:joinable in 2020-12-15
DEBUG:root:joinable in 2020-12-16
DEBUG:root:joinable in 2020-12-17
DEBUG:root:joinable in 2020-12-20
DEBUG:root:joinable in 2020-12-21
DEBUG:root:joinable in 2020-12-22
DEBUG:root:joinable in 2020-12-23
DEBUG:root:joinable in 2020-12-24
DEBUG:root:joinable in 2020-12-29
DEBUG:root:joinable in 2020-12-30
DEBUG:root:joinable in 2021-01-01
DEBUG:root:joinable in 2021-01-02
DEBUG:root:joinable in 2021-01-03
DEBUG:root:joinable in 2021-01-04
DEBUG:root:joinable in 2021-01-05
DEBUG:root:joinable in 2021-01-06
DEBUG:root:joinable in 2021-01-07
DEBUG:root:joinable in 2021-01-08
DEBUG:root:joinable in 2021-01-09
DEBUG:root:joinable in 2021-01-10
DEBUG:root:joinable in 2021-01-11
DEBUG:root:joinable in 2021-01-12
DEBUG:root:joinable in 2021-01-15
DEBUG:root:joinable in 2021-01-16
DEBUG:root:joinable in 2021-01-17
DEBUG:root:joinable in 2021-01-18
DEBUG:root:joinable in 2021-01-19
DEBUG:root:joinable in 2021-01-20
DEBUG:root:joinable in 2021-01-21
DEBUG:root:joinable in 2021-01-22
DEBUG:root:joinable in 2021-01-23
DEBUG:root:joinable in 2021-01-24
DEBUG:root:joinable in 2021-01-25
DEBUG:root:joinable in 2021-01-26
DEBUG:root:joinable in 2021-01-27
DEBUG:root:joinable in 2021-01-30
DEBUG:root:joinable in 2021-02-01
DEBUG:root:joinable in 2021-02-02
DEBUG:root:joinable in 2021-02-05
DEBUG:root:joinable in 2021-02-08
DEBUG:root:joinable in 2021-02-10
DEBUG:root:joinable in 2021-02-12
DEBUG:root:joinable in 2021-02-13
DEBUG:root:joinable in 2021-02-14
DEBUG:root:joinable in 2021-02-19
DEBUG:root:joinable in 2021-02-20
DEBUG:root:joinable in 2021-02-21
DEBUG:root:joinable in 2021-02-23
DEBUG:root:joinable in 2021-02-25
DEBUG:root:joinable in 2021-02-26
DEBUG:root:joinable in 2021-02-27
DEBUG:root:joinable in 2021-02-28
DEBUG:root:joinable in 2021-03-01
DEBUG:root:joinable in 2021-03-02
DEBUG:root:joinable in 2021-03-07
DEBUG:root:joinable in 2021-03-10
DEBUG:root:joinable in 2021-03-12
DEBUG:root:joinable in 2021-03-22
DEBUG:root:joinable in 2021-03-23
DEBUG:root:joinable in 2021-03-24
DEBUG:root:joinable in 2021-03-25
DEBUG:root:joinable in 2021-03-26
DEBUG:root:joinable in 2021-03-27
DEBUG:root:joinable in 2021-03-28
DEBUG:root:joinable in 2021-03-29
DEBUG:root:joinable in 2021-03-30
DEBUG:root:joinable in 2021-03-31
DEBUG:root:joinable in 2021-04-01
DEBUG:root:joinable in 2021-04-02
DEBUG:root:joinable in 2021-04-03
DEBUG:root:joinable in 2021-04-04
DEBUG:root:joinable in 2021-04-05
DEBUG:root:joinable in 2021-04-06
DEBUG:root:joinable in 2021-04-07
DEBUG:root:joinable in 2021-04-08
DEBUG:root:joinable in 2021-04-09
DEBUG:root:joinable in 2021-04-10
DEBUG:root:joinable in 2021-04-11
DEBUG:root:joinable in 2021-04-12
DEBUG:root:joinable in 2021-04-13
DEBUG:root:joinable in 2021-04-14
DEBUG:root:joinable in 2021-04-15
DEBUG:root:joinable in 2021-04-16
DEBUG:root:joinable in 2021-04-17
DEBUG:root:joinable in 2021-04-18
DEBUG:root:joinable in 2021-04-19
DEBUG:root:joinable in 2021-04-20
DEBUG:root:joinable in 2021-04-21
DEBUG:root:joinable in 2021-04-22
DEBUG:root:joinable in 2021-04-23
DEBUG:root:joinable in 2021-04-24
DEBUG:root:joinable in 2021-04-25
DEBUG:root:joinable in 2021-04-26
DEBUG:root:joinable in 2021-04-27
DEBUG:root:joinable in 2021-04-28
DEBUG:root:joinable in 2021-04-29
DEBUG:root:joinable in 2021-04-30
DEBUG:root:joinable in 2021-05-01
DEBUG:root:joinable in 2021-05-02
DEBUG:root:joinable in 2021-05-03
DEBUG:root:joinable in 2021-05-04
DEBUG:root:joinable in 2021-05-05
DEBUG:root:joinable in 2021-05-06
DEBUG:root:joinable in 2021-05-07
DEBUG:root:joinable in 2021-05-08
DEBUG:root:joinable in 2021-05-09
DEBUG:root:joinable in 2021-05-10
DEBUG:root:joinable in 2021-05-11
DEBUG:root:joinable in 2021-05-12
DEBUG:root:joinable in 2021-05-13
DEBUG:root:joinable in 2021-05-14
DEBUG:root:joinable in 2021-05-15
DEBUG:root:joinable in 2021-05-16
DEBUG:root:joinable in 2021-05-17
DEBUG:root:joinable in 2021-05-18
DEBUG:root:joinable in 2021-05-19
DEBUG:root:joinable in 2021-05-20
DEBUG:root:joinable in 2021-05-21
DEBUG:root:joinable in 2021-05-22
DEBUG:root:joinable in 2021-05-23
DEBUG:root:joinable in 2021-05-24
DEBUG:root:joinable in 2021-05-25
DEBUG:root:joinable in 2021-05-26
DEBUG:root:joinable in 2021-05-27
DEBUG:root:joinable in 2021-05-28
DEBUG:root:joinable in 2021-05-29
DEBUG:root:joinable in 2021-05-30
DEBUG:root:joinable in 2021-05-31
DEBUG:root:joinable in 2021-06-01
DEBUG:root:joinable in 2021-06-02
DEBUG:root:joinable in 2021-06-03
DEBUG:root:joinable in 2021-06-04
DEBUG:root:joinable in 2021-06-05
DEBUG:root:joinable in 2021-06-06
DEBUG:root:joinable in 2021-06-07
DEBUG:root:joinable in 2021-06-08
DEBUG:root:joinable in 2021-06-09
DEBUG:root:joinable in 2021-06-10
DEBUG:root:joinable in 2021-06-11
DEBUG:root:joinable in 2021-06-12
DEBUG:root:joinable in 2021-06-13
DEBUG:root:joinable in 2021-06-14
DEBUG:root:joinable in 2021-06-15
DEBUG:root:joinable in 2021-06-16
DEBUG:root:joinable in 2021-06-18
DEBUG:root:joinable in 2021-06-19
DEBUG:root:joinable in 2021-06-20
DEBUG:root:joinable in 2021-06-21
DEBUG:root:joinable in 2021-06-22
DEBUG:root:joinable in 2021-06-23
DEBUG:root:joinable in 2021-06-24
DEBUG:root:joinable in 2021-06-26
DEBUG:root:joinable in 2021-06-27
DEBUG:root:joinable in 2021-06-28
DEBUG:root:joinable in 2021-06-29
DEBUG:root:joinable in 2021-06-30
DEBUG:root:joinable in 2021-07-01
DEBUG:root:joinable in 2021-07-02
DEBUG:root:joinable in 2021-07-03
DEBUG:root:joinable in 2021-07-04
DEBUG:root:joinable in 2021-07-05
DEBUG:root:joinable in 2021-07-06
DEBUG:root:joinable in 2021-07-07
DEBUG:root:joinable in 2021-07-08
DEBUG:root:joinable in 2021-07-09
DEBUG:root:joinable in 2021-07-10
DEBUG:root:joinable in 2021-07-11
DEBUG:root:joinable in 2021-07-12
DEBUG:root:joinable in 2021-07-13
DEBUG:root:joinable in 2021-07-14
DEBUG:root:joinable in 2021-07-15
DEBUG:root:joinable in 2021-07-16
DEBUG:root:joinable in 2021-07-17
DEBUG:root:joinable in 2021-07-18
DEBUG:root:joinable in 2021-07-19
DEBUG:root:joinable in 2021-07-20
DEBUG:root:joinable in 2021-07-21
DEBUG:root:joinable in 2021-07-22
DEBUG:root:joinable in 2021-07-23
DEBUG:root:joinable in 2021-07-24
DEBUG:root:joinable in 2021-07-25
DEBUG:root:joinable in 2021-07-26
DEBUG:root:joinable in 2021-07-27
DEBUG:root:joinable in 2021-07-28
DEBUG:root:joinable in 2021-07-29
DEBUG:root:joinable in 2021-07-30
DEBUG:root:joinable in 2021-07-31
DEBUG:root:joinable in 2021-08-01
DEBUG:root:joinable in 2021-08-02
DEBUG:root:joinable in 2021-08-03
DEBUG:root:joinable in 2021-08-04
DEBUG:root:joinable in 2021-08-05
DEBUG:root:joinable in 2021-08-06
DEBUG:root:joinable in 2021-08-07
DEBUG:root:joinable in 2021-08-08
DEBUG:root:joinable in 2021-08-09
DEBUG:root:joinable in 2021-08-10
DEBUG:root:joinable in 2021-08-11
DEBUG:root:joinable in 2021-08-12
DEBUG:root:joinable in 2021-08-13
DEBUG:root:joinable in 2021-08-14
DEBUG:root:joinable in 2021-08-15
DEBUG:root:joinable in 2021-08-16
DEBUG:root:joinable in 2021-08-17
DEBUG:root:joinable in 2021-08-18
DEBUG:root:joinable in 2021-08-19
DEBUG:root:joinable in 2021-08-20
DEBUG:root:joinable in 2021-08-21
DEBUG:root:joinable in 2021-08-22
DEBUG:root:joinable in 2021-08-23
DEBUG:root:joinable in 2021-08-24
DEBUG:root:joinable in 2021-08-25
DEBUG:root:joinable in 2021-08-26
DEBUG:root:joinable in 2021-08-27
DEBUG:root:joinable in 2021-08-28
DEBUG:root:joinable in 2021-08-29
DEBUG:root:joinable in 2021-08-30
DEBUG:root:joinable in 2021-08-31
DEBUG:root:joinable in 2021-09-01
DEBUG:root:joinable in 2021-09-02
DEBUG:root:joinable in 2021-09-03
DEBUG:root:joinable in 2021-09-04
DEBUG:root:joinable in 2021-09-05
DEBUG:root:joinable in 2021-09-06
DEBUG:root:joinable in 2021-09-07
DEBUG:root:joinable in 2021-09-08
DEBUG:root:joinable in 2021-09-09
DEBUG:root:joinable in 2021-09-10
DEBUG:root:joinable in 2021-09-11
DEBUG:root:joinable in 2021-09-12
DEBUG:root:joinable in 2021-09-13
DEBUG:root:joinable in 2021-09-14
DEBUG:root:joinable in 2021-09-15
DEBUG:root:joinable in 2021-09-16
DEBUG:root:joinable in 2021-09-17
DEBUG:root:joinable in 2021-09-18
DEBUG:root:joinable in 2021-09-19
DEBUG:root:joinable in 2021-09-20
DEBUG:root:joinable in 2021-09-21
DEBUG:root:joinable in 2021-09-22
DEBUG:root:joinable in 2021-09-23
DEBUG:root:joinable in 2021-09-24
DEBUG:root:joinable in 2021-09-25
DEBUG:root:joinable in 2021-09-26
DEBUG:root:joinable in 2021-09-27
DEBUG:root:joinable in 2021-09-28
DEBUG:root:joinable in 2021-09-29
DEBUG:root:joinable in 2021-09-30
DEBUG:root:joinable in 2021-10-01
DEBUG:root:joinable in 2021-10-02
DEBUG:root:joinable in 2021-10-03
DEBUG:root:joinable in 2021-10-04
DEBUG:root:joinable in 2021-10-05
DEBUG:root:joinable in 2021-10-06
DEBUG:root:joinable in 2021-10-07
DEBUG:root:joinable in 2021-10-08
DEBUG:root:joinable in 2021-10-09
DEBUG:root:joinable in 2021-10-10
DEBUG:root:joinable in 2021-10-11
DEBUG:root:joinable in 2021-10-12
DEBUG:root:joinable in 2021-10-13
DEBUG:root:joinable in 2021-10-14
DEBUG:root:joinable in 2021-10-15
DEBUG:root:joinable in 2021-10-16
DEBUG:root:joinable in 2021-10-17
DEBUG:root:joinable in 2021-10-18
DEBUG:root:joinable in 2021-10-19
DEBUG:root:joinable in 2021-10-20
DEBUG:root:joinable in 2021-10-21
DEBUG:root:joinable in 2021-10-22
DEBUG:root:joinable in 2021-10-23
DEBUG:root:joinable in 2021-10-24
DEBUG:root:joinable in 2021-10-25
DEBUG:root:joinable in 2021-10-26
DEBUG:root:joinable in 2021-10-27
DEBUG:root:joinable in 2021-10-28
DEBUG:root:joinable in 2021-10-29
DEBUG:root:joinable in 2021-10-30
DEBUG:root:joinable in 2021-10-31
DEBUG:root:joinable in 2021-11-01
DEBUG:root:joinable in 2021-11-02
DEBUG:root:joinable in 2021-11-03
DEBUG:root:joinable in 2021-11-04
DEBUG:root:joinable in 2021-11-05
DEBUG:root:joinable in 2021-11-06
DEBUG:root:joinable in 2021-11-07
DEBUG:root:joinable in 2021-11-08
DEBUG:root:joinable in 2021-11-09
DEBUG:root:joinable in 2021-11-10
DEBUG:root:joinable in 2021-11-11
DEBUG:root:joinable in 2021-11-12
DEBUG:root:joinable in 2021-11-13
DEBUG:root:joinable in 2021-11-14
DEBUG:root:joinable in 2021-11-15
DEBUG:root:joinable in 2021-11-16
DEBUG:root:joinable in 2021-11-17
DEBUG:root:joinable in 2021-11-18
DEBUG:root:joinable in 2021-11-19
DEBUG:root:joinable in 2021-11-20
DEBUG:root:joinable in 2021-11-21
DEBUG:root:joinable in 2021-11-22
DEBUG:root:joinable in 2021-11-23
DEBUG:root:joinable in 2021-11-24
DEBUG:root:joinable in 2021-11-25
DEBUG:root:joinable in 2021-11-26
DEBUG:root:joinable in 2021-11-27
DEBUG:root:joinable in 2021-11-28
DEBUG:root:joinable in 2021-11-29
DEBUG:root:joinable in 2021-11-30
DEBUG:root:joinable in 2021-12-01
DEBUG:root:joinable in 2021-12-02
DEBUG:root:joinable in 2021-12-03
DEBUG:root:joinable in 2021-12-04
DEBUG:root:joinable in 2021-12-05
DEBUG:root:joinable in 2021-12-06
DEBUG:root:joinable in 2021-12-07
DEBUG:root:joinable in 2021-12-08
DEBUG:root:joinable in 2021-12-09
DEBUG:root:joinable in 2021-12-10
DEBUG:root:joinable in 2021-12-11
DEBUG:root:joinable in 2021-12-12
DEBUG:root:joinable in 2021-12-13
DEBUG:root:joinable in 2021-12-14
DEBUG:root:joinable in 2021-12-15
DEBUG:root:joinable in 2021-12-16
DEBUG:root:joinable in 2021-12-17
DEBUG:root:joinable in 2021-12-18
DEBUG:root:joinable in 2021-12-19
DEBUG:root:joinable in 2021-12-20
DEBUG:root:joinable in 2021-12-21
DEBUG:root:joinable in 2021-12-22
DEBUG:root:joinable in 2021-12-23
DEBUG:root:joinable in 2021-12-24
DEBUG:root:joinable in 2021-12-25
DEBUG:root:joinable in 2021-12-26
DEBUG:root:joinable in 2021-12-27
DEBUG:root:joinable in 2021-12-28
DEBUG:root:joinable in 2021-12-29
DEBUG:root:joinable in 2021-12-30
DEBUG:root:joinable in 2021-12-31
DEBUG:root:joinable in 2022-01-01
DEBUG:root:joinable in 2022-01-02
DEBUG:root:joinable in 2022-01-03
DEBUG:root:joinable in 2022-01-04
DEBUG:root:joinable in 2022-01-05
DEBUG:root:joinable in 2022-01-06
DEBUG:root:joinable in 2022-01-07
DEBUG:root:joinable in 2022-01-08
DEBUG:root:joinable in 2022-01-09
DEBUG:root:joinable in 2020-07-01
DEBUG:root:joinable in 2020-07-02
DEBUG:root:joinable in 2020-07-03
DEBUG:root:joinable in 2020-07-04
DEBUG:root:joinable in 2020-07-05
DEBUG:root:joinable in 2020-07-06
DEBUG:root:joinable in 2020-07-07
DEBUG:root:joinable in 2020-07-08
DEBUG:root:joinable in 2020-07-09
DEBUG:root:joinable in 2020-07-10
DEBUG:root:joinable in 2020-07-11
DEBUG:root:joinable in 2020-07-12
DEBUG:root:joinable in 2020-07-13
DEBUG:root:joinable in 2020-07-14
DEBUG:root:joinable in 2020-07-15
DEBUG:root:joinable in 2020-07-16
DEBUG:root:joinable in 2020-07-19
DEBUG:root:joinable in 2020-07-24
DEBUG:root:joinable in 2020-07-28
DEBUG:root:joinable in 2020-07-29
DEBUG:root:joinable in 2020-07-30
DEBUG:root:joinable in 2020-08-03
DEBUG:root:joinable in 2020-08-07
DEBUG:root:joinable in 2020-08-08
DEBUG:root:joinable in 2020-08-11
DEBUG:root:joinable in 2020-10-06
DEBUG:root:joinable in 2020-10-16
DEBUG:root:joinable in 2020-10-27
DEBUG:root:joinable in 2020-11-03
DEBUG:root:joinable in 2020-11-06
DEBUG:root:joinable in 2020-11-10
DEBUG:root:joinable in 2020-11-24
DEBUG:root:joinable in 2020-11-25
DEBUG:root:joinable in 2020-11-29
DEBUG:root:joinable in 2020-12-02
DEBUG:root:joinable in 2020-12-04
DEBUG:root:joinable in 2020-12-05
DEBUG:root:joinable in 2020-12-06
DEBUG:root:joinable in 2020-12-14
DEBUG:root:joinable in 2020-12-18
DEBUG:root:joinable in 2020-12-19
DEBUG:root:joinable in 2020-12-26
DEBUG:root:joinable in 2020-12-27
DEBUG:root:joinable in 2020-12-28
DEBUG:root:joinable in 2021-01-13
DEBUG:root:joinable in 2021-01-14
DEBUG:root:joinable in 2021-01-28
DEBUG:root:joinable in 2021-01-29
DEBUG:root:joinable in 2021-01-31
DEBUG:root:joinable in 2021-02-03
DEBUG:root:joinable in 2021-02-04
DEBUG:root:joinable in 2021-02-06
DEBUG:root:joinable in 2021-02-07
DEBUG:root:joinable in 2021-02-09
DEBUG:root:joinable in 2021-02-11
DEBUG:root:joinable in 2021-02-15
DEBUG:root:joinable in 2021-02-16
DEBUG:root:joinable in 2021-02-17
DEBUG:root:joinable in 2021-02-22
DEBUG:root:joinable in 2021-02-24
DEBUG:root:joinable in 2021-03-03
DEBUG:root:joinable in 2021-03-04
DEBUG:root:joinable in 2021-03-05
DEBUG:root:joinable in 2021-03-06
DEBUG:root:joinable in 2021-03-08
DEBUG:root:joinable in 2021-03-09
DEBUG:root:joinable in 2021-03-11
DEBUG:root:joinable in 2021-03-13
DEBUG:root:joinable in 2021-03-14
DEBUG:root:joinable in 2021-03-15
DEBUG:root:joinable in 2021-03-16
DEBUG:root:joinable in 2021-03-17
DEBUG:root:joinable in 2021-03-18
DEBUG:root:joinable in 2021-03-19
DEBUG:root:joinable in 2021-03-20
DEBUG:root:joinable in 2021-03-21
DEBUG:root:joinable in 2021-06-17
DEBUG:root:joinable in 2021-06-25
DEBUG:root:joinable in 2020-03-31
DEBUG:root:joinable in 2020-04-01
DEBUG:root:joinable in 2020-04-02
DEBUG:root:joinable in 2020-04-03
DEBUG:root:joinable in 2020-04-04
DEBUG:root:joinable in 2020-04-05
DEBUG:root:joinable in 2020-04-06
DEBUG:root:joinable in 2020-04-07
DEBUG:root:joinable in 2020-04-08
DEBUG:root:joinable in 2020-04-09
DEBUG:root:joinable in 2020-04-10
DEBUG:root:joinable in 2020-04-11
DEBUG:root:joinable in 2020-04-12
DEBUG:root:joinable in 2020-04-13
DEBUG:root:joinable in 2020-04-14
DEBUG:root:joinable in 2020-04-15
DEBUG:root:joinable in 2020-04-16
DEBUG:root:joinable in 2020-04-17
DEBUG:root:joinable in 2020-04-18
DEBUG:root:joinable in 2020-04-19
DEBUG:root:joinable in 2020-04-20
DEBUG:root:joinable in 2020-04-21
DEBUG:root:joinable in 2020-04-22
DEBUG:root:joinable in 2020-04-23
DEBUG:root:joinable in 2020-04-24
DEBUG:root:joinable in 2020-04-25
DEBUG:root:joinable in 2020-04-26
DEBUG:root:joinable in 2020-04-27
DEBUG:root:joinable in 2020-04-28
DEBUG:root:joinable in 2020-04-29
DEBUG:root:joinable in 2020-04-30
DEBUG:root:joinable in 2020-05-01
DEBUG:root:joinable in 2020-05-02
DEBUG:root:joinable in 2020-05-03
DEBUG:root:joinable in 2020-05-04
DEBUG:root:joinable in 2020-05-05
DEBUG:root:joinable in 2020-05-06
DEBUG:root:joinable in 2020-05-07
DEBUG:root:joinable in 2020-05-08
DEBUG:root:joinable in 2020-05-09
DEBUG:root:joinable in 2020-05-10
DEBUG:root:joinable in 2020-05-11
DEBUG:root:joinable in 2020-05-12
DEBUG:root:joinable in 2020-05-13
DEBUG:root:joinable in 2020-05-14
DEBUG:root:joinable in 2020-05-15
DEBUG:root:joinable in 2020-05-16
DEBUG:root:joinable in 2020-05-17
DEBUG:root:joinable in 2020-05-18
DEBUG:root:joinable in 2020-05-19
DEBUG:root:joinable in 2020-05-20
DEBUG:root:joinable in 2020-05-21
DEBUG:root:joinable in 2020-05-22
DEBUG:root:joinable in 2020-05-23
DEBUG:root:joinable in 2020-05-24
DEBUG:root:joinable in 2020-05-25
DEBUG:root:joinable in 2020-05-26
DEBUG:root:joinable in 2020-05-27
DEBUG:root:joinable in 2020-05-28
DEBUG:root:joinable in 2020-05-29
DEBUG:root:joinable in 2020-05-30
DEBUG:root:joinable in 2020-05-31
DEBUG:root:joinable in 2020-06-01
DEBUG:root:joinable in 2020-06-02
DEBUG:root:joinable in 2020-06-03
DEBUG:root:joinable in 2020-06-04
DEBUG:root:joinable in 2020-06-05
DEBUG:root:joinable in 2020-06-06
DEBUG:root:joinable in 2020-06-07
DEBUG:root:joinable in 2020-06-08
DEBUG:root:joinable in 2020-06-09
DEBUG:root:joinable in 2020-06-10
DEBUG:root:joinable in 2020-06-11
DEBUG:root:joinable in 2020-06-12
DEBUG:root:joinable in 2020-06-13
DEBUG:root:joinable in 2020-06-14
DEBUG:root:joinable in 2020-06-15
DEBUG:root:joinable in 2020-06-16
DEBUG:root:joinable in 2020-06-17
DEBUG:root:joinable in 2020-06-18
DEBUG:root:joinable in 2020-06-19
DEBUG:root:joinable in 2020-06-20
DEBUG:root:joinable in 2020-06-21
DEBUG:root:joinable in 2020-06-22
DEBUG:root:joinable in 2020-06-23
DEBUG:root:joinable in 2020-06-24
DEBUG:root:joinable in 2020-06-25
DEBUG:root:joinable in 2020-06-26
DEBUG:root:joinable in 2020-06-27
DEBUG:root:joinable in 2020-06-28
DEBUG:root:joinable in 2020-06-29
DEBUG:root:joinable in 2020-06-30
DEBUG:root:joinable in 2020-12-25
DEBUG:root:joinable in 2020-12-31
DEBUG:root:joinable in 2021-02-18
DEBUG:root:joinable in 2020-03-15
DEBUG:root:joinable in 2020-03-16
DEBUG:root:joinable in 2020-03-17
DEBUG:root:joinable in 2020-03-18
DEBUG:root:joinable in 2020-03-19
DEBUG:root:joinable in 2020-03-20
DEBUG:root:joinable in 2020-03-21
DEBUG:root:joinable in 2020-03-22
DEBUG:root:joinable in 2020-03-23
DEBUG:root:joinable in 2020-03-24
DEBUG:root:joinable in 2020-03-25
DEBUG:root:joinable in 2020-03-26
DEBUG:root:joinable in 2020-03-27
DEBUG:root:joinable in 2020-03-28
DEBUG:root:joinable in 2020-03-29
DEBUG:root:joinable in 2020-03-30
DEBUG:root:joinable in 2020-03-09
DEBUG:root:joinable in 2020-03-10
DEBUG:root:joinable in 2020-03-11
DEBUG:root:joinable in 2020-03-12
DEBUG:root:joinable in 2020-03-13
DEBUG:root:joinable in 2020-03-14
DEBUG:root:joinable in 2020-03-08
DEBUG:root:joinable in 2020-03-07
DEBUG:root:joinable in 2020-02-24
DEBUG:root:joinable in 2020-02-25
DEBUG:root:joinable in 2020-02-26
DEBUG:root:joinable in 2020-02-27
DEBUG:root:joinable in 2020-02-28
DEBUG:root:joinable in 2020-02-29
DEBUG:root:joinable in 2020-03-01
DEBUG:root:joinable in 2020-03-02
DEBUG:root:joinable in 2020-03-03
DEBUG:root:joinable in 2020-03-04
DEBUG:root:joinable in 2020-03-05
DEBUG:root:joinable in 2020-03-06
DEBUG:root:joinable in 2020-02-12
DEBUG:root:Result:
	sources joinable with containment > 0.78125
DEBUG:root:joinable in Algeria
DEBUG:root:joinable in Argentina
DEBUG:root:joinable in Australia
DEBUG:root:joinable in Austria
DEBUG:root:joinable in Belgium
DEBUG:root:joinable in Bolivia
DEBUG:root:joinable in Bulgaria
DEBUG:root:joinable in Canada
DEBUG:root:joinable in Chile
DEBUG:root:joinable in Croatia
DEBUG:root:joinable in Cyprus
DEBUG:root:joinable in Czechia
DEBUG:root:joinable in Denmark
DEBUG:root:joinable in Estonia
DEBUG:root:joinable in Finland
DEBUG:root:joinable in France
DEBUG:root:joinable in Germany
DEBUG:root:joinable in Greece
DEBUG:root:joinable in Hungary
DEBUG:root:joinable in Iceland
DEBUG:root:joinable in Ireland
DEBUG:root:joinable in Israel
DEBUG:root:joinable in Italy
DEBUG:root:joinable in Japan
DEBUG:root:joinable in Latvia
DEBUG:root:joinable in Liechtenstein
DEBUG:root:joinable in Lithuania
DEBUG:root:joinable in Luxembourg
DEBUG:root:joinable in Malaysia
DEBUG:root:joinable in Malta
DEBUG:root:joinable in Netherlands
DEBUG:root:joinable in Norway
DEBUG:root:joinable in Poland
DEBUG:root:joinable in Portugal
DEBUG:root:joinable in Romania
DEBUG:root:joinable in Russia
DEBUG:root:joinable in Serbia
DEBUG:root:joinable in Singapore
DEBUG:root:joinable in Slovakia
DEBUG:root:joinable in Slovenia
DEBUG:root:joinable in South_Africa
DEBUG:root:joinable in South_Korea
DEBUG:root:joinable in Spain
DEBUG:root:joinable in Sweden
DEBUG:root:joinable in Switzerland
DEBUG:root:joinable in United_Kingdom
DEBUG:root:Joinable in rollup country:Africa
DEBUG:root:Joinable in rollup country:Oceania
